2025/01/11 - 11:45:38.911	info	C:/Users/18504/Documents/CSSMaster/blog/BlogBackendGo/main.go:15	server run success on 	{"zap_log": "zap_log"}
2025/01/11 - 11:48:36.183	info	C:/Users/18504/Documents/CSSMaster/blog/BlogBackendGo/main.go:16	server run success on 	{"zap_log": "zap_log"}
2025/01/11 - 11:49:36.832	info	C:/Users/18504/Documents/CSSMaster/blog/BlogBackendGo/main.go:16	server run success on 	{"zap_log": "zap_log"}
2025/01/11 - 12:19:55.852	info	C:/Users/18504/Documents/CSSMaster/blog/BlogBackendGo/main.go:16	server run success on 	{"zap_log": "zap_log"}
2025/01/11 - 12:19:55.864	info	C:/Users/18504/Documents/CSSMaster/blog/BlogBackendGo/core/server.go:23	server run success on	{"address": ":8889"}
2025/01/11 - 12:38:45.657	info	C:/Users/18504/Documents/CSSMaster/blog/BlogBackendGo/main.go:16	server run success on 	{"zap_log": "zap_log"}
2025/01/11 - 12:38:45.669	info	C:/Users/18504/Documents/CSSMaster/blog/BlogBackendGo/core/server.go:23	server run success on	{"address": ":8889"}
2025/01/11 - 12:45:14.679	info	C:/Users/18504/Documents/CSSMaster/blog/BlogBackendGo/main.go:16	server run success on 	{"zap_log": "zap_log"}
2025/01/11 - 12:45:14.692	info	C:/Users/18504/Documents/CSSMaster/blog/BlogBackendGo/core/server.go:23	server run success on	{"address": ":8889"}
2025/01/11 - 12:51:05.335	info	C:/Users/18504/Documents/CSSMaster/blog/BlogBackendGo/main.go:22	server run success on 	{"zap_log": "zap_log"}
2025/01/11 - 12:51:05.345	info	C:/Users/18504/Documents/CSSMaster/blog/BlogBackendGo/core/server.go:23	server run success on	{"address": ":8889"}
[yagami_blog/server]2025/01/11 - 12:52:17.229	info	C:/Users/18504/Documents/CSSMaster/blog/BlogBackendGo/main.go:22	server run success on 	{"zap_log": "zap_log"}
[yagami_blog/server]2025/01/11 - 12:52:17.238	info	C:/Users/18504/Documents/CSSMaster/blog/BlogBackendGo/core/server.go:23	server run success on	{"address": ":8889"}
[yagami_blog/server]2025/01/11 - 12:54:43.066	info	C:/Users/18504/Documents/CSSMaster/blog/BlogBackendGo/main.go:22	server run success on 	{"zap_log": "log"}
[yagami_blog/server]2025/01/11 - 12:54:43.075	info	C:/Users/18504/Documents/CSSMaster/blog/BlogBackendGo/core/server.go:23	server run success on	{"address": ":8889"}
[yagami_blog/server]2025/01/11 - 13:10:04.929	info	C:/Users/18504/Documents/CSSMaster/blog/BlogBackendGo/main.go:22	server run success on 	{"zap_log": "log"}
[yagami_blog/server]2025/01/11 - 13:10:04.944	info	C:/Users/18504/Documents/CSSMaster/blog/BlogBackendGo/initialize/redis.go:24	redis connect ping response:	{"pong": "PONG"}
[yagami_blog/server]2025/01/11 - 13:10:04.945	info	C:/Users/18504/Documents/CSSMaster/blog/BlogBackendGo/core/server.go:25	server run success on	{"address": ":8889"}
[yagami_blog/server]2025/01/11 - 13:10:50.387	info	C:/Users/18504/Documents/CSSMaster/blog/BlogBackendGo/main.go:22	server run success on 	{"zap_log": "log"}
[yagami_blog/server]2025/01/11 - 13:10:50.398	info	C:/Users/18504/Documents/CSSMaster/blog/BlogBackendGo/initialize/redis.go:24	redis connect ping response:	{"pong": "PONG"}
[yagami_blog/server]2025/01/11 - 13:10:50.399	info	C:/Users/18504/Documents/CSSMaster/blog/BlogBackendGo/core/server.go:25	server run success on	{"address": ":8889"}
